2023-10-20 16:52:49,602 [DEBUG] Starting new HTTPS connection (1): nstatdb.dgbas.gov.tw:443
2023-10-20 16:52:50,121 [DEBUG] https://nstatdb.dgbas.gov.tw:443 "GET /dgbasAll/webMain.aspx?sdmx/A120101010/1+2+3+4+5.1.1.M/&startTime=2000-M1&endTime=2023-M10 HTTP/1.1" 200 None
2023-10-20 16:52:50,135 [DEBUG] Changing event name from creating-client-class.iot-data to creating-client-class.iot-data-plane
2023-10-20 16:52:50,136 [DEBUG] Changing event name from before-call.apigateway to before-call.api-gateway
2023-10-20 16:52:50,136 [DEBUG] Changing event name from request-created.machinelearning.Predict to request-created.machine-learning.Predict
2023-10-20 16:52:50,137 [DEBUG] Changing event name from before-parameter-build.autoscaling.CreateLaunchConfiguration to before-parameter-build.auto-scaling.CreateLaunchConfiguration
2023-10-20 16:52:50,137 [DEBUG] Changing event name from before-parameter-build.route53 to before-parameter-build.route-53
2023-10-20 16:52:50,137 [DEBUG] Changing event name from request-created.cloudsearchdomain.Search to request-created.cloudsearch-domain.Search
2023-10-20 16:52:50,137 [DEBUG] Changing event name from docs.*.autoscaling.CreateLaunchConfiguration.complete-section to docs.*.auto-scaling.CreateLaunchConfiguration.complete-section
2023-10-20 16:52:50,138 [DEBUG] Changing event name from before-parameter-build.logs.CreateExportTask to before-parameter-build.cloudwatch-logs.CreateExportTask
2023-10-20 16:52:50,138 [DEBUG] Changing event name from docs.*.logs.CreateExportTask.complete-section to docs.*.cloudwatch-logs.CreateExportTask.complete-section
2023-10-20 16:52:50,138 [DEBUG] Changing event name from before-parameter-build.cloudsearchdomain.Search to before-parameter-build.cloudsearch-domain.Search
2023-10-20 16:52:50,138 [DEBUG] Changing event name from docs.*.cloudsearchdomain.Search.complete-section to docs.*.cloudsearch-domain.Search.complete-section
2023-10-20 16:52:50,139 [DEBUG] IMDS ENDPOINT: http://169.254.169.254/
2023-10-20 16:52:50,140 [DEBUG] Looking for credentials via: env
2023-10-20 16:52:50,140 [INFO] Found credentials in environment variables.
2023-10-20 16:52:50,141 [DEBUG] Loading JSON file: /Users/chenweiting/.local/lib/python3.10/site-packages/botocore/data/endpoints.json
2023-10-20 16:52:50,146 [DEBUG] Loading JSON file: /Users/chenweiting/.local/lib/python3.10/site-packages/botocore/data/sdk-default-configuration.json
2023-10-20 16:52:50,146 [DEBUG] Event choose-service-name: calling handler <function handle_service_name_alias at 0x102148790>
2023-10-20 16:52:50,172 [DEBUG] Loading JSON file: /Users/chenweiting/.local/lib/python3.10/site-packages/botocore/data/s3/2006-03-01/service-2.json
2023-10-20 16:52:50,185 [DEBUG] Loading JSON file: /Users/chenweiting/.local/lib/python3.10/site-packages/botocore/data/s3/2006-03-01/endpoint-rule-set-1.json.gz
2023-10-20 16:52:50,194 [DEBUG] Loading JSON file: /Users/chenweiting/.local/lib/python3.10/site-packages/botocore/data/partitions.json
2023-10-20 16:52:50,195 [DEBUG] Event creating-client-class.s3: calling handler <function add_generate_presigned_post at 0x10209ecb0>
2023-10-20 16:52:50,195 [DEBUG] Event creating-client-class.s3: calling handler <function lazy_call.<locals>._handler at 0x1021e4b80>
2023-10-20 16:52:50,218 [DEBUG] Event creating-client-class.s3: calling handler <function add_generate_presigned_url at 0x10209ea70>
2023-10-20 16:52:50,218 [DEBUG] Looking for endpoint for s3 via: environment_service
2023-10-20 16:52:50,218 [DEBUG] Looking for endpoint for s3 via: environment_global
2023-10-20 16:52:50,218 [DEBUG] Looking for endpoint for s3 via: config_service
2023-10-20 16:52:50,218 [DEBUG] Looking for endpoint for s3 via: config_global
2023-10-20 16:52:50,218 [DEBUG] No configured endpoint found.
2023-10-20 16:52:50,279 [DEBUG] Setting s3 timeout as (60, 60)
2023-10-20 16:52:50,281 [DEBUG] Loading JSON file: /Users/chenweiting/.local/lib/python3.10/site-packages/botocore/data/_retry.json
2023-10-20 16:52:50,281 [DEBUG] Registering retry handlers for service: s3
2023-10-20 16:52:50,281 [DEBUG] Registering S3 region redirector handler
2023-10-20 16:52:50,281 [DEBUG] Acquiring 0
2023-10-20 16:52:50,282 [DEBUG] UploadSubmissionTask(transfer_id=0, {'transfer_future': <s3transfer.futures.TransferFuture object at 0x102b6afe0>}) about to wait for the following futures []
2023-10-20 16:52:50,282 [DEBUG] UploadSubmissionTask(transfer_id=0, {'transfer_future': <s3transfer.futures.TransferFuture object at 0x102b6afe0>}) done waiting for dependent futures
2023-10-20 16:52:50,282 [DEBUG] Executing task UploadSubmissionTask(transfer_id=0, {'transfer_future': <s3transfer.futures.TransferFuture object at 0x102b6afe0>}) with kwargs {'client': <botocore.client.S3 object at 0x1029e8dc0>, 'config': <boto3.s3.transfer.TransferConfig object at 0x102b6a3e0>, 'osutil': <s3transfer.utils.OSUtils object at 0x102b6a410>, 'request_executor': <s3transfer.futures.BoundedExecutor object at 0x102b6a620>, 'transfer_future': <s3transfer.futures.TransferFuture object at 0x102b6afe0>}
2023-10-20 16:52:50,282 [DEBUG] Submitting task PutObjectTask(transfer_id=0, {'bucket': 'appworks.personal.project', 'key': 'crawl_to_s3_file/business_cycle_data.json', 'extra_args': {}}) to executor <s3transfer.futures.BoundedExecutor object at 0x102b6a620> for transfer request: 0.
2023-10-20 16:52:50,282 [DEBUG] Acquiring 0
2023-10-20 16:52:50,282 [DEBUG] PutObjectTask(transfer_id=0, {'bucket': 'appworks.personal.project', 'key': 'crawl_to_s3_file/business_cycle_data.json', 'extra_args': {}}) about to wait for the following futures []
2023-10-20 16:52:50,282 [DEBUG] PutObjectTask(transfer_id=0, {'bucket': 'appworks.personal.project', 'key': 'crawl_to_s3_file/business_cycle_data.json', 'extra_args': {}}) done waiting for dependent futures
2023-10-20 16:52:50,282 [DEBUG] Executing task PutObjectTask(transfer_id=0, {'bucket': 'appworks.personal.project', 'key': 'crawl_to_s3_file/business_cycle_data.json', 'extra_args': {}}) with kwargs {'client': <botocore.client.S3 object at 0x1029e8dc0>, 'fileobj': <s3transfer.utils.ReadFileChunk object at 0x102b6b550>, 'bucket': 'appworks.personal.project', 'key': 'crawl_to_s3_file/business_cycle_data.json', 'extra_args': {}}
2023-10-20 16:52:50,282 [DEBUG] Event before-parameter-build.s3.PutObject: calling handler <function validate_ascii_metadata at 0x10214aa70>
2023-10-20 16:52:50,282 [DEBUG] Event before-parameter-build.s3.PutObject: calling handler <function sse_md5 at 0x102149ea0>
2023-10-20 16:52:50,282 [DEBUG] Event before-parameter-build.s3.PutObject: calling handler <function convert_body_to_file_like_object at 0x10214b370>
2023-10-20 16:52:50,282 [DEBUG] Releasing acquire 0/None
2023-10-20 16:52:50,282 [DEBUG] Event before-parameter-build.s3.PutObject: calling handler <function validate_bucket_name at 0x102149e10>
2023-10-20 16:52:50,283 [DEBUG] Event before-parameter-build.s3.PutObject: calling handler <function remove_bucket_from_url_paths_from_model at 0x10214bbe0>
2023-10-20 16:52:50,283 [DEBUG] Event before-parameter-build.s3.PutObject: calling handler <bound method S3RegionRedirectorv2.annotate_request_context of <botocore.utils.S3RegionRedirectorv2 object at 0x102b6a380>>
2023-10-20 16:52:50,283 [DEBUG] Event before-parameter-build.s3.PutObject: calling handler <function generate_idempotent_uuid at 0x102149c60>
2023-10-20 16:52:50,283 [DEBUG] Event before-endpoint-resolution.s3: calling handler <function customize_endpoint_resolver_builtins at 0x10214bd90>
2023-10-20 16:52:50,283 [DEBUG] Event before-endpoint-resolution.s3: calling handler <bound method S3RegionRedirectorv2.redirect_from_cache of <botocore.utils.S3RegionRedirectorv2 object at 0x102b6a380>>
2023-10-20 16:52:50,283 [DEBUG] Calling endpoint provider with parameters: {'Bucket': 'appworks.personal.project', 'Region': 'us-east-1', 'UseFIPS': False, 'UseDualStack': False, 'ForcePathStyle': False, 'Accelerate': False, 'UseGlobalEndpoint': True, 'DisableMultiRegionAccessPoints': False, 'UseArnRegion': True}
2023-10-20 16:52:50,283 [DEBUG] Endpoint provider result: https://s3.amazonaws.com/appworks.personal.project
2023-10-20 16:52:50,283 [DEBUG] Selecting from endpoint provider's list of auth schemes: "sigv4". User selected auth scheme is: "None"
2023-10-20 16:52:50,283 [DEBUG] Selected auth type "v4" as "v4" with signing context params: {'region': 'us-east-1', 'signing_name': 's3', 'disableDoubleEncoding': True}
2023-10-20 16:52:50,283 [DEBUG] Event before-call.s3.PutObject: calling handler <function conditionally_calculate_md5 at 0x101fed2d0>
2023-10-20 16:52:50,284 [DEBUG] Event before-call.s3.PutObject: calling handler <function add_expect_header at 0x10214a170>
2023-10-20 16:52:50,284 [DEBUG] Adding expect 100 continue header to request.
2023-10-20 16:52:50,284 [DEBUG] Event before-call.s3.PutObject: calling handler <function add_recursion_detection_header at 0x102149900>
2023-10-20 16:52:50,284 [DEBUG] Event before-call.s3.PutObject: calling handler <function inject_api_version_header_if_needed at 0x10214b490>
2023-10-20 16:52:50,284 [DEBUG] Making request for OperationModel(name=PutObject) with params: {'url_path': '/crawl_to_s3_file/business_cycle_data.json', 'query_string': {}, 'method': 'PUT', 'headers': {'User-Agent': 'Boto3/1.28.19 md/Botocore#1.31.20 ua/2.0 os/macos#22.4.0 md/arch#arm64 lang/python#3.10.13 md/pyimpl#CPython cfg/retry-mode#legacy Botocore/1.31.20', 'Content-MD5': 'y/oxt1VJB1h+xFGlnLJdoQ==', 'Expect': '100-continue'}, 'body': <s3transfer.utils.ReadFileChunk object at 0x102b6b550>, 'auth_path': '/appworks.personal.project/crawl_to_s3_file/business_cycle_data.json', 'url': 'https://s3.amazonaws.com/appworks.personal.project/crawl_to_s3_file/business_cycle_data.json', 'context': {'client_region': 'us-east-1', 'client_config': <botocore.config.Config object at 0x102b34040>, 'has_streaming_input': True, 'auth_type': 'v4', 's3_redirect': {'redirected': False, 'bucket': 'appworks.personal.project', 'params': {'Bucket': 'appworks.personal.project', 'Key': 'crawl_to_s3_file/business_cycle_data.json', 'Body': <s3transfer.utils.ReadFileChunk object at 0x102b6b550>}}, 'signing': {'region': 'us-east-1', 'signing_name': 's3', 'disableDoubleEncoding': True}}}
2023-10-20 16:52:50,284 [DEBUG] Event request-created.s3.PutObject: calling handler <function signal_not_transferring at 0x102ae5000>
2023-10-20 16:52:50,284 [DEBUG] Event request-created.s3.PutObject: calling handler <bound method RequestSigner.handler of <botocore.signers.RequestSigner object at 0x1029e8d30>>
2023-10-20 16:52:50,285 [DEBUG] Event choose-signer.s3.PutObject: calling handler <bound method ClientCreator._default_s3_presign_to_sigv2 of <botocore.client.ClientCreator object at 0x1022876a0>>
2023-10-20 16:52:50,285 [DEBUG] Event choose-signer.s3.PutObject: calling handler <function set_operation_specific_signer at 0x102149b40>
2023-10-20 16:52:50,285 [DEBUG] Event before-sign.s3.PutObject: calling handler <function remove_arn_from_signing_path at 0x10214bd00>
2023-10-20 16:52:50,285 [DEBUG] Calculating signature using v4 auth.
2023-10-20 16:52:50,285 [DEBUG] CanonicalRequest:
PUT
/appworks.personal.project/crawl_to_s3_file/business_cycle_data.json

content-md5:y/oxt1VJB1h+xFGlnLJdoQ==
host:s3.amazonaws.com
x-amz-content-sha256:UNSIGNED-PAYLOAD
x-amz-date:20231020T085250Z

content-md5;host;x-amz-content-sha256;x-amz-date
UNSIGNED-PAYLOAD
2023-10-20 16:52:50,285 [DEBUG] StringToSign:
AWS4-HMAC-SHA256
20231020T085250Z
20231020/us-east-1/s3/aws4_request
1ad3f24ed6a86b4ab8a0199e1e258937a21981bd951dfcd6e7e64d0ce4f93625
2023-10-20 16:52:50,285 [DEBUG] Signature:
4fa01e968ea496655c708a7f7c93070fa329962e451067f328affb9f4554b127
2023-10-20 16:52:50,285 [DEBUG] Event request-created.s3.PutObject: calling handler <function signal_transferring at 0x102ae5090>
2023-10-20 16:52:50,285 [DEBUG] Event request-created.s3.PutObject: calling handler <function add_retry_headers at 0x10214bb50>
2023-10-20 16:52:50,285 [DEBUG] Sending http request: <AWSPreparedRequest stream_output=False, method=PUT, url=https://s3.amazonaws.com/appworks.personal.project/crawl_to_s3_file/business_cycle_data.json, headers={'User-Agent': b'Boto3/1.28.19 md/Botocore#1.31.20 ua/2.0 os/macos#22.4.0 md/arch#arm64 lang/python#3.10.13 md/pyimpl#CPython cfg/retry-mode#legacy Botocore/1.31.20', 'Content-MD5': b'y/oxt1VJB1h+xFGlnLJdoQ==', 'Expect': b'100-continue', 'X-Amz-Date': b'20231020T085250Z', 'X-Amz-Content-SHA256': b'UNSIGNED-PAYLOAD', 'Authorization': b'AWS4-HMAC-SHA256 Credential=AKIA22RSA62KM3LPZW7L/20231020/us-east-1/s3/aws4_request, SignedHeaders=content-md5;host;x-amz-content-sha256;x-amz-date, Signature=4fa01e968ea496655c708a7f7c93070fa329962e451067f328affb9f4554b127', 'amz-sdk-invocation-id': b'81dd6a20-bb53-47f3-92cb-57a6345a5fb0', 'amz-sdk-request': b'attempt=1', 'Content-Length': '200032'}>
2023-10-20 16:52:50,285 [DEBUG] Certificate path: /Users/chenweiting/miniconda3/envs/stylish_0/lib/python3.10/site-packages/certifi/cacert.pem
2023-10-20 16:52:50,285 [DEBUG] Starting new HTTPS connection (1): s3.amazonaws.com:443
2023-10-20 16:52:50,884 [DEBUG] Waiting for 100 Continue response.
2023-10-20 16:52:51,084 [DEBUG] Received a non 100 Continue response from the server, NOT sending request body.
2023-10-20 16:52:51,085 [DEBUG] https://s3.amazonaws.com:443 "PUT /appworks.personal.project/crawl_to_s3_file/business_cycle_data.json HTTP/1.1" 301 None
2023-10-20 16:52:51,086 [DEBUG] Response headers: {'x-amz-bucket-region': 'ap-southeast-2', 'x-amz-request-id': '5V071NW272BZQ3GX', 'x-amz-id-2': 'H2gS/OhIzOhvxdXW9Tn42WKGJ42otOP4qGEJlXNcbsffqRtff1Ga9PlRhS0vueLuNX+FjHt5c1w=', 'Content-Type': 'application/xml', 'Transfer-Encoding': 'chunked', 'Date': 'Fri, 20 Oct 2023 08:52:50 GMT', 'Server': 'AmazonS3', 'Connection': 'close'}
2023-10-20 16:52:51,087 [DEBUG] Response body:
b'<?xml version="1.0" encoding="UTF-8"?>\n<Error><Code>PermanentRedirect</Code><Message>The bucket you are attempting to access must be addressed using the specified endpoint. Please send all future requests to this endpoint.</Message><Endpoint>appworks.personal.project.s3.amazonaws.com</Endpoint><Bucket>appworks.personal.project</Bucket><RequestId>5V071NW272BZQ3GX</RequestId><HostId>H2gS/OhIzOhvxdXW9Tn42WKGJ42otOP4qGEJlXNcbsffqRtff1Ga9PlRhS0vueLuNX+FjHt5c1w=</HostId></Error>'
2023-10-20 16:52:51,091 [DEBUG] Event needs-retry.s3.PutObject: calling handler <botocore.retryhandler.RetryHandler object at 0x102b6a2c0>
2023-10-20 16:52:51,092 [DEBUG] No retry needed.
2023-10-20 16:52:51,092 [DEBUG] Event needs-retry.s3.PutObject: calling handler <bound method S3RegionRedirectorv2.redirect_from_error of <botocore.utils.S3RegionRedirectorv2 object at 0x102b6a380>>
2023-10-20 16:52:51,092 [DEBUG] S3 client configured for region us-east-1 but the bucket appworks.personal.project is in region ap-southeast-2; Please configure the proper region to avoid multiple unnecessary redirects and signing attempts.
2023-10-20 16:52:51,092 [DEBUG] Event before-endpoint-resolution.s3: calling handler <function customize_endpoint_resolver_builtins at 0x10214bd90>
2023-10-20 16:52:51,092 [DEBUG] Event before-endpoint-resolution.s3: calling handler <bound method S3RegionRedirectorv2.redirect_from_cache of <botocore.utils.S3RegionRedirectorv2 object at 0x102b6a380>>
2023-10-20 16:52:51,092 [DEBUG] Calling endpoint provider with parameters: {'Bucket': 'appworks.personal.project', 'Region': 'ap-southeast-2', 'UseFIPS': False, 'UseDualStack': False, 'ForcePathStyle': False, 'Accelerate': False, 'UseGlobalEndpoint': True, 'DisableMultiRegionAccessPoints': False, 'UseArnRegion': True}
2023-10-20 16:52:51,093 [DEBUG] Endpoint provider result: https://s3.ap-southeast-2.amazonaws.com/appworks.personal.project
2023-10-20 16:52:51,093 [DEBUG] Updating URI from https://s3.amazonaws.com/appworks.personal.project/crawl_to_s3_file/business_cycle_data.json to https://s3.ap-southeast-2.amazonaws.com/appworks.personal.project/crawl_to_s3_file/business_cycle_data.json
2023-10-20 16:52:51,093 [DEBUG] Selecting from endpoint provider's list of auth schemes: "sigv4". User selected auth scheme is: "None"
2023-10-20 16:52:51,093 [DEBUG] Selected auth type "v4" as "v4" with signing context params: {'region': 'ap-southeast-2', 'signing_name': 's3', 'disableDoubleEncoding': True}
2023-10-20 16:52:51,093 [DEBUG] Response received to retry, sleeping for 0 seconds
2023-10-20 16:52:51,096 [DEBUG] Rewinding stream: <s3transfer.utils.ReadFileChunk object at 0x102b6b550>
2023-10-20 16:52:51,096 [DEBUG] Event request-created.s3.PutObject: calling handler <function signal_not_transferring at 0x102ae5000>
2023-10-20 16:52:51,097 [DEBUG] Event request-created.s3.PutObject: calling handler <bound method RequestSigner.handler of <botocore.signers.RequestSigner object at 0x1029e8d30>>
2023-10-20 16:52:51,097 [DEBUG] Event choose-signer.s3.PutObject: calling handler <bound method ClientCreator._default_s3_presign_to_sigv2 of <botocore.client.ClientCreator object at 0x1022876a0>>
2023-10-20 16:52:51,097 [DEBUG] Event choose-signer.s3.PutObject: calling handler <function set_operation_specific_signer at 0x102149b40>
2023-10-20 16:52:51,097 [DEBUG] Event before-sign.s3.PutObject: calling handler <function remove_arn_from_signing_path at 0x10214bd00>
2023-10-20 16:52:51,097 [DEBUG] Calculating signature using v4 auth.
2023-10-20 16:52:51,097 [DEBUG] CanonicalRequest:
PUT
/appworks.personal.project/crawl_to_s3_file/business_cycle_data.json

content-md5:y/oxt1VJB1h+xFGlnLJdoQ==
host:s3.ap-southeast-2.amazonaws.com
x-amz-content-sha256:UNSIGNED-PAYLOAD
x-amz-date:20231020T085251Z

content-md5;host;x-amz-content-sha256;x-amz-date
UNSIGNED-PAYLOAD
2023-10-20 16:52:51,097 [DEBUG] StringToSign:
AWS4-HMAC-SHA256
20231020T085251Z
20231020/ap-southeast-2/s3/aws4_request
82f0aaf534fd5f349d876042de5ae76d2b28243ea6bcb9ef3c3fdd36a75d391a
2023-10-20 16:52:51,097 [DEBUG] Signature:
9884b78bad2f05d9bdc831dd60f53e3c371a2bcf038812df73c4376d2a5a5b43
2023-10-20 16:52:51,097 [DEBUG] Event request-created.s3.PutObject: calling handler <function signal_transferring at 0x102ae5090>
2023-10-20 16:52:51,097 [DEBUG] Event request-created.s3.PutObject: calling handler <function add_retry_headers at 0x10214bb50>
2023-10-20 16:52:51,097 [DEBUG] Sending http request: <AWSPreparedRequest stream_output=False, method=PUT, url=https://s3.ap-southeast-2.amazonaws.com/appworks.personal.project/crawl_to_s3_file/business_cycle_data.json, headers={'User-Agent': b'Boto3/1.28.19 md/Botocore#1.31.20 ua/2.0 os/macos#22.4.0 md/arch#arm64 lang/python#3.10.13 md/pyimpl#CPython cfg/retry-mode#legacy Botocore/1.31.20', 'Content-MD5': b'y/oxt1VJB1h+xFGlnLJdoQ==', 'Expect': b'100-continue', 'X-Amz-Date': b'20231020T085251Z', 'X-Amz-Content-SHA256': b'UNSIGNED-PAYLOAD', 'Authorization': b'AWS4-HMAC-SHA256 Credential=AKIA22RSA62KM3LPZW7L/20231020/ap-southeast-2/s3/aws4_request, SignedHeaders=content-md5;host;x-amz-content-sha256;x-amz-date, Signature=9884b78bad2f05d9bdc831dd60f53e3c371a2bcf038812df73c4376d2a5a5b43', 'amz-sdk-invocation-id': b'81dd6a20-bb53-47f3-92cb-57a6345a5fb0', 'amz-sdk-request': b'ttl=20231020T085350Z; attempt=2; max=5', 'Content-Length': '200032'}>
2023-10-20 16:52:51,098 [DEBUG] Certificate path: /Users/chenweiting/miniconda3/envs/stylish_0/lib/python3.10/site-packages/certifi/cacert.pem
2023-10-20 16:52:51,098 [DEBUG] Starting new HTTPS connection (1): s3.ap-southeast-2.amazonaws.com:443
2023-10-20 16:52:51,593 [DEBUG] Waiting for 100 Continue response.
2023-10-20 16:52:51,751 [DEBUG] 100 Continue response seen, now sending request body.
2023-10-20 16:52:54,233 [DEBUG] https://s3.ap-southeast-2.amazonaws.com:443 "PUT /appworks.personal.project/crawl_to_s3_file/business_cycle_data.json HTTP/1.1" 200 0
2023-10-20 16:52:54,234 [DEBUG] Response headers: {'x-amz-id-2': '3Fx/zgFfuZsNspA5HWskwLG1kVekIt7fZTf8rK+9fAhHiX7artJxePNs25N7IOPJjBKRKoMQ8Eo=', 'x-amz-request-id': '17PYE6J8X3ZS8MHK', 'Date': 'Fri, 20 Oct 2023 08:52:52 GMT', 'x-amz-server-side-encryption': 'AES256', 'ETag': '"cbfa31b7554907587ec451a59cb25da1"', 'Server': 'AmazonS3', 'Content-Length': '0'}
2023-10-20 16:52:54,235 [DEBUG] Response body:
b''
2023-10-20 16:52:54,235 [DEBUG] Event needs-retry.s3.PutObject: calling handler <botocore.retryhandler.RetryHandler object at 0x102b6a2c0>
2023-10-20 16:52:54,235 [DEBUG] No retry needed.
2023-10-20 16:52:54,235 [DEBUG] Event needs-retry.s3.PutObject: calling handler <bound method S3RegionRedirectorv2.redirect_from_error of <botocore.utils.S3RegionRedirectorv2 object at 0x102b6a380>>
2023-10-20 16:52:54,236 [DEBUG] S3 request was previously redirected, not redirecting.
2023-10-20 16:52:54,236 [DEBUG] Releasing acquire 0/None
2023-10-20 16:52:54,239 [INFO] business_cycle_data.json JSON file successfully uploaded to S3.
2023-10-23 13:37:57,365 - INFO - [
    {
        "id": 1,
        "title": "〈房產〉雙北百貨商場今年開出5.8萬坪 裕隆城周邊房市表現最強",
        "date": "2023-10-23T12:30:21+08:00",
        "first_paragraph": "百貨商場提供食、衣、育樂、生活採買等機能，近幾年成為房市亮點，雙北今年增加生力軍新店裕隆城、新光三越 Diamond Tower 及 NOKE 忠泰樂生活，商場合計面積約 5.85 萬坪，明年南港還有面積 4 萬坪 LaLaport 登場，依據實價資料統計新生代百貨商場的周邊房價，新店裕隆城增幅 3.1% 最高，平均房價每坪 55.8 萬元。"
    },
    {
        "id": 2,
        "title": "〈房產〉六都預售屋交易兩房產品占比突破4成 高雄已過半",
        "date": "2023-10-23T11:29:14+08:00",
        "first_paragraph": "六都房價快速攀升，低總價、小坪數產品成為預算有限消費者購屋主流選項。房仲業者彙整近三年內政部預售屋交易實價登錄資訊發現，預售屋交易格局以 2 房、3 房為主，到今年 2 房格局已然成為台北市、新北市、台南市及高雄市這四都預售屋交易主力，尤其新北市占比逼近五成，高雄市甚至高達 54.8%。"
    },
    {
        "id": 3,
        "title": "〈房產〉高鐵左營科技之心公辦都更案招商啟動 預計引進175億元資金",
        "date": "2023-10-20T15:37:04+08:00",
        "first_paragraph": "「左營高鐵科技之心公辦都市更新案」預估開發量體 7 萬坪、引進約 175 億元資金，由仲量聯行協助高雄市政府辦理，於今 (20) 日舉辦臺北場招商說明會，高雄市政府林欽榮副市長率領市府局內團隊出席，吸引近 30 家投資廠商。"
    },
    {
        "id": 4,
        "title": "〈房產〉書香宅比一比 桃園總圖周邊交易最熱 台南總圖房價三年漲25%",
        "date": "2023-10-20T13:02:07+08:00",
        "first_paragraph": "圖書館豐富的文化資源，帶來市場話題，房仲業者根據實價登錄資料，盤點六都市立圖書總館周邊 1 公里內近三年之房市交易情形。其中桃園市立圖書館總館，不僅交易也最熱絡，房價漲幅也遠超行政區漲幅；而台南市立圖書館新總館周邊房價漲幅 25.3%，居六都總圖之冠。"
    },
    {
        "id": 5,
        "title": "〈房產〉商場建設話題性強 台中東區LaLaport周邊房價漲1成",
        "date": "2023-10-20T11:09:59+08:00",
        "first_paragraph": "台中市百貨商場、購物中心遍地開花，不僅成為區域利多，更為房市添加亮點，觀察台中新開幕及未來將誕生的商場周邊房價，今年房價漲跌不一，位在東區的三井 LaLaport 年增幅 12.7% 居冠，未來將有 3 大商場的七期，今年房價反而微幅下滑 2%。"
    },
    {
        "id": 6,
        "title": "〈房產〉新莊副都心機能成型房價回溫 預售案成交均價站上6字頭",
        "date": "2023-10-20T10:22:11+08:00",
        "first_paragraph": "新莊副都心推案初期主打大坪數豪宅產品，房價更是於 2012、2013 年前後飆至高峰，近幾年隨著全台房市快速升溫，依據實價登錄揭露，今年前 8 月新莊副都心預售案的平均成交單價已經達到 64.7 萬元，相較於 2021 年同期的每坪 48.3 萬元，短短 3 年平均漲幅高達 34%。"
    },
    {
        "id": 7,
        "title": "欣陸旗下大陸工程奪捷運劍潭站多目標大樓工程 預計2027年底竣工",
        "date": "2023-10-19T16:55:23+08:00",
        "first_paragraph": "欣陸投控 (3703-TW) 下營建工程事業大陸工程公司，今 (19) 日就「捷運劍潭站轉乘設施空間活化及多元服務建置案工程」與台北捷運公司簽約儀式。欣陸投控指出，此工程位於台北捷運劍潭站旁，將興建地上 16 層、地下 3 層的國際級商辦大樓，預定於 2027 年底竣工。"
    },
    {
        "id": 8,
        "title": "〈房產〉捷運北環段動工這站周邊漲最多 新北三重區狂吸台北換屋族",
        "date": "2023-10-19T12:48:26+08:00",
        "first_paragraph": "北捷日前宣布環狀線北環段開工，完工通車後大幅縮短雙北通勤時間，大幅提升大眾運輸效能與區域機能，依據實價資料，沿線各站今年房價多數呈上揚走勢，其中位在新北市三重區的 Y22 及 Y23 站成長最多，年增幅分別有 6.6% 及 7.3%。"
    },
    {
        "id": 9,
        "title": "〈房產〉買盤力道不墜 8月全台預售屋市場交易量年增23.5%",
        "date": "2023-10-19T11:37:09+08:00",
        "first_paragraph": "「平均地權條例」新法於今 (2023) 年 7 月正式上路後，對預售屋轉售形成重大障礙，但房仲業者統計內政部預售屋實價登錄資料，8 月預售市場交易量較年增 23.5%，總銷金額年增 34.6%； 1-8 月交易量，也較去年同期成長 6.9%；1-8 月總銷金額則年增 11.4%，增加超過千億元，顯見今年預售市場買氣不墜。"
    },
    {
        "id": 10,
        "title": "〈房產〉今年北市新建案公設比下滑中 新北則升至34.1%歷史高點",
        "date": "2023-10-19T11:27:49+08:00",
        "first_paragraph": "根據市調機構統計，今 (2323) 年截至 9 月 30 日止，台北市新成屋、預售屋建案（統計華廈、大樓建築，不含 5 層樓以下公寓、透天）平均公設比 35.5%，較去年下滑 0.1 個百分點，新北市平均公設比 34.1%，較去年增加 0.2 個百分點，爲歷史高點，同時，小基地高公設比建案去化難度也較高。"
    },
    {
        "id": 11,
        "title": "〈房產〉全台CVS店數平均每天新開2-3家 連鎖便利店成金雞母",
        "date": "2023-10-18T16:13:23+08:00",
        "first_paragraph": "台灣便利商店密度高，業者承租經營也相對穩定，也常是店房東眼中的好客，實價揭露北市中山區民生東路一處 51.82 坪的店面，9 月交易 1.08 億元、每坪 208.4 萬元，目前由全家便利商店 (5903-TW) 經營中，同時，以目前租金計算，租金報酬率約為 2.15%。"
    },
    {
        "id": 12,
        "title": "〈房產〉倉儲物流交易成長雖趨緩 商仲：新式倉儲空間將成市場主流",
        "date": "2023-10-17T16:40:22+08:00",
        "first_paragraph": "在電商普及、新冠疫情及供應鏈重組等因素的共同催化下，台灣倉儲物流需求明顯增加，並在 2018 年的交易成長達到巔峰，但商仲業者指出，對倉儲及物流依賴的相關產業需求已在放緩，相對於新式倉儲或升級倉儲空間的需求則在快速升溫中。"
    },
    {
        "id": 13,
        "title": "〈房產〉雙北市中古屋交易淡水最熱 月均交易逾200件雄霸第一",
        "date": "2023-10-17T10:56:43+08:00",
        "first_paragraph": "相較於新成屋，中古屋具備公設較低、價格相對親民以及地段優質等優勢，是不少購屋族的首選，房仲業者透過實價登錄，盤點雙北地區屋齡超過 5 年的中古屋交易，篩選出最為熱銷的十大區域。其中，新北市淡水區以交易量 1792 件奪冠"
    },
    {
        "id": 14,
        "title": "〈房產〉2023年台北前十大豪宅 都更危老案囊括半數",
        "date": "2023-10-16T12:01:49+08:00",
        "first_paragraph": "都更宅大翻身，房仲業者統計截至目前為止，今年台北豪宅單價前十大交易，由國泰建設 (2501-TW) 都更改建的「敦南霖園」，高樓層成交單價 282.1 萬元奪冠，總價約 3.87 億元，坪數 175.23 坪；排名第二的則是連 3 年蟬聯全台最貴的成屋豪宅「OneParkTaipei 元利信義聯勤」，6 月高樓層成交單價約 277 萬元，總價約 4.23 億元。"
    },
    {
        "id": 15,
        "title": "〈房產〉北市大樓、公寓交易熱區排行 中山區穩坐大樓買氣王",
        "date": "2023-10-16T11:12:48+08:00",
        "first_paragraph": "房仲業者根據實價登錄資料，統計近一年台北市公寓和大樓的交易價量市況，發現「中山區」大樓住宅在短短一年內就成交逾千筆，勇奪北市大樓住宅的買氣王；而公寓住宅則以「內湖區」交易居冠，一年內成交 371 筆，相當於天天都有成交，交易熱絡。"
    },
    {
        "id": 16,
        "title": "〈房產〉政府打房這數據很有感 台北市買氣創6年新低",
        "date": "2023-10-16T10:41:09+08:00",
        "first_paragraph": "六都今年前三季買氣全面走弱，依據六都買賣移轉棟數及家戶數統計象徵區域買氣的家戶購屋比，六都 2023 年前三季皆低於去年同期，買氣一向暢旺的桃園市減少 0.5 個百分點，縮幅最大，而台北市創下 6 年來家戶購屋比新低，今年前三季平均每 100 戶不到 2 戶買房。"
    },
    {
        "id": 17,
        "title": "〈房產〉台南預售案與中古屋價差擴大中 這兩區價差直逼八成",
        "date": "2023-10-13T14:19:46+08:00",
        "first_paragraph": "台南今年以的預售案成交量大增，且小宅、豪宅預售實價陸續改寫新高，房仲業者指出，今年 1-7 月六都預售屋交易市況，與去年同期相比，台南年增 29.7% 居六都之冠，但是統計顯示，台南的北區與安平兩區預售案謺價與中古屋的價差最高，兩區域都近 8 成。"
    },
    {
        "id": 18,
        "title": "〈房產〉數字科技新建案廣告訂閱 客戶數年增6成",
        "date": "2023-10-13T13:48:33+08:00",
        "first_paragraph": "數字科技 (5287-TW) 在第三季繳出單季營收創高的好成績後，今 (13) 日指出，旗下 591 新建案平台強打「新建案列表頁排序曝光」方案，帶動該廣告訂閱客戶數年增 60%，有效提升建案點閱量最多達 286%，銷售業績年增近 250%，顯示在當前房市變化快速之際，新的廣告方案可有效協助建案提升能見度。"
    }
]
2023-10-23 13:37:57,379 - INFO - Found credentials in environment variables.
2023-10-23 13:37:59,811 - INFO - JSON file successfully uploaded to S3.
2023-10-23 13:44:54,576 - INFO - fetch news data successfully
2023-10-23 13:44:54,590 - INFO - Found credentials in environment variables.
2023-10-23 13:44:56,887 - INFO - News data JSON file successfully uploaded to S3.
